<?xml version="1.0" encoding="UTF-8"?>
<testng-results ignored="0" total="4" passed="4" failed="0" skipped="0">
  <reporter-output>
  </reporter-output>
  <suite started-at="2021-12-06T12:14:20 IST" name="Suite" finished-at="2021-12-06T12:14:20 IST" duration-ms="56">
    <groups>
    </groups>
    <test started-at="2021-12-06T12:14:20 IST" name="Test" finished-at="2021-12-06T12:14:20 IST" duration-ms="56">
      <class name="qaclickacademy.RESTAPITest">
        <test-method signature="deleteTwitter()[pri:0, instance:qaclickacademy.RESTAPITest@794cb805]" started-at="2021-12-06T12:14:20 IST" name="deleteTwitter" finished-at="2021-12-06T12:14:20 IST" duration-ms="1" status="PASS">
          <reporter-output>
          </reporter-output>
        </test-method> <!-- deleteTwitter -->
        <test-method signature="postJira()[pri:0, instance:qaclickacademy.RESTAPITest@794cb805]" started-at="2021-12-06T12:14:20 IST" name="postJira" finished-at="2021-12-06T12:14:20 IST" duration-ms="2" status="PASS">
          <reporter-output>
          </reporter-output>
        </test-method> <!-- postJira -->
      </class> <!-- qaclickacademy.RESTAPITest -->
      <class name="qaclickacademy.SeleniumTest">
        <test-method signature="BrowserAutomation()[pri:0, instance:qaclickacademy.SeleniumTest@7ee955a8]" started-at="2021-12-06T12:14:20 IST" name="BrowserAutomation" finished-at="2021-12-06T12:14:20 IST" duration-ms="4" status="PASS">
          <reporter-output>
          </reporter-output>
        </test-method> <!-- BrowserAutomation -->
        <test-method signature="elementUi()[pri:0, instance:qaclickacademy.SeleniumTest@7ee955a8]" started-at="2021-12-06T12:14:20 IST" name="elementUi" finished-at="2021-12-06T12:14:20 IST" duration-ms="1" status="PASS">
          <reporter-output>
          </reporter-output>
        </test-method> <!-- elementUi -->
      </class> <!-- qaclickacademy.SeleniumTest -->
    </test> <!-- Test -->
  </suite> <!-- Suite -->
</testng-results>
