<?xml version="1.0" encoding="UTF-8"?>
<testng-results ignored="0" total="2" passed="2" failed="0" skipped="0">
  <reporter-output>
  </reporter-output>
  <suite started-at="2021-12-01T17:33:16 IST" name="Default suite" finished-at="2021-12-01T17:33:16 IST" duration-ms="75">
    <groups>
    </groups>
    <test started-at="2021-12-01T17:33:16 IST" name="Default test" finished-at="2021-12-01T17:33:16 IST" duration-ms="75">
      <class name="qaclickacademy.SeleniumTest">
        <test-method signature="BrowserAutomation()[pri:0, instance:qaclickacademy.SeleniumTest@1ea9f6af]" started-at="2021-12-01T17:33:16 IST" name="BrowserAutomation" finished-at="2021-12-01T17:33:16 IST" duration-ms="10" status="PASS">
          <reporter-output>
          </reporter-output>
        </test-method> <!-- BrowserAutomation -->
        <test-method signature="elementUi()[pri:0, instance:qaclickacademy.SeleniumTest@1ea9f6af]" started-at="2021-12-01T17:33:16 IST" name="elementUi" finished-at="2021-12-01T17:33:16 IST" duration-ms="3" status="PASS">
          <reporter-output>
          </reporter-output>
        </test-method> <!-- elementUi -->
      </class> <!-- qaclickacademy.SeleniumTest -->
    </test> <!-- Default test -->
  </suite> <!-- Default suite -->
</testng-results>
